Arguments: 
  /Users/piotrkuliczkowski/.nvm/versions/node/v10.16.0/bin/node /usr/local/Cellar/yarn/1.16.0/libexec/bin/yarn.js install

PATH: 
  /Users/piotrkuliczkowski/.rvm/gems/ruby-2.5.3/bin:/Users/piotrkuliczkowski/.rvm/gems/ruby-2.5.3@global/bin:/Users/piotrkuliczkowski/.rvm/rubies/ruby-2.5.3/bin:/Users/piotrkuliczkowski/.nvm/versions/node/v10.16.0/bin:/Library/Frameworks/Python.framework/Versions/3.7/bin:/usr/local/bin:/usr/bin:/bin:/usr/sbin:/sbin:/Applications/Wireshark.app/Contents/MacOS:/Users/piotrkuliczkowski/.rvm/gems/ruby-2.5.3/bin:/Users/piotrkuliczkowski/.rvm/gems/ruby-2.5.3@global/bin:/Users/piotrkuliczkowski/.rvm/rubies/ruby-2.5.3/bin:/Users/piotrkuliczkowski/.nvm/versions/node/v10.16.0/bin:/Library/Frameworks/Python.framework/Versions/3.7/bin:/Users/piotrkuliczkowski/.rvm/bin

Yarn version: 
  1.16.0

Node version: 
  10.16.0

Platform: 
  darwin x64

Trace: 
  Error: EACCES: permission denied, mkdir '/Users/piotrkuliczkowski/Documents/GitHub/reveal.js/node_modules/base/node_modules/component-emitter'

npm manifest: 
  {
    "name": "reveal.js",
    "version": "3.8.0",
    "description": "The HTML Presentation Framework",
    "homepage": "http://revealjs.com",
    "subdomain": "revealjs",
    "main": "js/reveal.js",
    "scripts": {
      "test": "grunt test",
      "start": "grunt serve",
      "build": "grunt"
    },
    "author": {
      "name": "Hakim El Hattab",
      "email": "hakim.elhattab@gmail.com",
      "web": "http://hakim.se"
    },
    "repository": {
      "type": "git",
      "url": "git://github.com/hakimel/reveal.js.git"
    },
    "engines": {
      "node": ">=9.0.0"
    },
    "devDependencies": {
      "express": "^4.16.2",
      "grunt": "^1.0.4",
      "grunt-cli": "^1.3.2",
      "grunt-autoprefixer": "^3.0.4",
      "grunt-contrib-connect": "^2.0.0",
      "grunt-contrib-cssmin": "^3.0.0",
      "grunt-contrib-jshint": "^2.0.0",
      "grunt-contrib-qunit": "^3.1.0",
      "grunt-contrib-uglify": "^3.3.0",
      "grunt-contrib-watch": "^1.1.0",
      "grunt-sass": "^3.0.2",
      "grunt-zip": "~0.17.1",
      "load-grunt-tasks": "^4.0.0",
      "node-sass": "^4.11.0",
      "mustache": "^2.3.0",
      "socket.io": "^2.2.0"
    },
    "license": "MIT"
  }

yarn manifest: 
  No manifest

Lockfile: 
  No lockfile
